<?xml version='1.1' encoding='UTF-8'?>
<result plugin="junit@1.51">
  <suites>
    <suite>
      <file>C:\Windows\system32\config\systemprofile\AppData\Local\Jenkins\.jenkins\workspace\branch-pipeline_jira-integration\target\surefire-reports\TEST-com.staxrt.tutorial.UnitTests.xml</file>
      <name>com.staxrt.tutorial.UnitTests</name>
      <duration>22.532</duration>
      <time>22.532</time>
      <nodeId>36</nodeId>
      <enclosingBlocks>
        <string>33</string>
      </enclosingBlocks>
      <enclosingBlockNames>
        <string>Unit Tests</string>
      </enclosingBlockNames>
      <cases>
        <case>
          <duration>1.302</duration>
          <className>com.staxrt.tutorial.UnitTests</className>
          <testName>testGetAllUsers</testName>
          <skipped>false</skipped>
          <failedSince>0</failedSince>
        </case>
        <case>
          <duration>0.186</duration>
          <className>com.staxrt.tutorial.UnitTests</className>
          <testName>testUpdatePost</testName>
          <skipped>false</skipped>
          <failedSince>0</failedSince>
        </case>
        <case>
          <duration>0.02</duration>
          <className>com.staxrt.tutorial.UnitTests</className>
          <testName>testCreateUser</testName>
          <skipped>false</skipped>
          <failedSince>0</failedSince>
        </case>
        <case>
          <duration>0.049</duration>
          <className>com.staxrt.tutorial.UnitTests</className>
          <testName>testDeletePost</testName>
          <skipped>false</skipped>
          <failedSince>0</failedSince>
        </case>
        <case>
          <duration>0.004</duration>
          <className>com.staxrt.tutorial.UnitTests</className>
          <testName>contextLoads</testName>
          <skipped>false</skipped>
          <failedSince>0</failedSince>
        </case>
        <case>
          <duration>0.017</duration>
          <className>com.staxrt.tutorial.UnitTests</className>
          <testName>testGetUserById</testName>
          <skipped>false</skipped>
          <failedSince>0</failedSince>
        </case>
      </cases>
    </suite>
  </suites>
  <duration>22.532</duration>
  <keepLongStdio>false</keepLongStdio>
</result>